d:\qt_workplace\qtqq_server\qtqq_server\x64\debug\moc_tcpsocket.obj
d:\qt_workplace\qtqq_server\qtqq_server\x64\debug\qrc_qtqq_server.obj
d:\qt_workplace\qtqq_server\qtqq_server\x64\debug\moc_qtqq_server.obj
d:\qt_workplace\qtqq_server\qtqq_server\x64\debug\moc_tcpserver.obj
d:\qt_workplace\qtqq_server\qtqq_server\x64\debug\main.obj
d:\qt_workplace\qtqq_server\qtqq_server\x64\debug\qtqq_server.obj
d:\qt_workplace\qtqq_server\qtqq_server\x64\debug\tcpserver.obj
d:\qt_workplace\qtqq_server\qtqq_server\x64\debug\tcpsocket.obj
d:\qt_workplace\qtqq_server\qtqq_server\x64\debug\vc141.pdb
d:\qt_workplace\qtqq_server\x64\debug\qtqq_server.exe
d:\qt_workplace\qtqq_server\x64\debug\qtqq_server.ilk
d:\qt_workplace\qtqq_server\x64\debug\qtqq_server.pdb
d:\qt_workplace\qtqq_server\qtqq_server\x64\debug\moc\moc_qtqq_server.cpp
d:\qt_workplace\qtqq_server\qtqq_server\x64\debug\moc\moc_tcpserver.cpp
d:\qt_workplace\qtqq_server\qtqq_server\x64\debug\moc\moc_tcpsocket.cpp
d:\qt_workplace\qtqq_server\qtqq_server\x64\debug\uic\ui_qtqq_server.h
d:\qt_workplace\qtqq_server\qtqq_server\x64\debug\rcc\qrc_qtqq_server.cpp
d:\qtproject\qtqq\qtqq_server\qtqq_server\x64\debug\uic\ui_qtqq_server.h
d:\qtproject\qtqq\qtqq_server\qtqq_server\x64\debug\rcc\qrc_qtqq_server.cpp
d:\qtproject\qtqq\qtqq_server\qtqq_server\x64\debug\moc\moc_qtqq_server.cpp
d:\qtproject\qtqq\qtqq_server\qtqq_server\x64\debug\moc\moc_tcpserver.cpp
d:\qtproject\qtqq\qtqq_server\qtqq_server\x64\debug\moc\moc_tcpsocket.cpp
d:\qtproject\qtqq\qtqq_server\qtqq_server\x64\debug\main.obj
d:\qtproject\qtqq\qtqq_server\qtqq_server\x64\debug\moc_qtqq_server.obj
d:\qtproject\qtqq\qtqq_server\qtqq_server\x64\debug\moc_tcpserver.obj
d:\qtproject\qtqq\qtqq_server\qtqq_server\x64\debug\moc_tcpsocket.obj
d:\qtproject\qtqq\qtqq_server\qtqq_server\x64\debug\qrc_qtqq_server.obj
d:\qtproject\qtqq\qtqq_server\qtqq_server\x64\debug\qtqq_server.obj
d:\qtproject\qtqq\qtqq_server\qtqq_server\x64\debug\tcpserver.obj
d:\qtproject\qtqq\qtqq_server\qtqq_server\x64\debug\tcpsocket.obj
d:\qtproject\qtqq\qtqq_server\qtqq_server\x64\debug\vc141.pdb
d:\qtproject\qtqq\qtqq_server\x64\debug\qtqq_server.pdb
d:\qtproject\qtqq\qtqq_server\x64\debug\qtqq_server.exe
d:\qtproject\qtqq\qtqq_server\x64\debug\qtqq_server.ilk
d:\qtproject\qtqq\qtqq_server\qtqq_server\x64\debug\qtqq_server.tlog\cl.command.1.tlog
d:\qtproject\qtqq\qtqq_server\qtqq_server\x64\debug\qtqq_server.tlog\cl.read.1.tlog
d:\qtproject\qtqq\qtqq_server\qtqq_server\x64\debug\qtqq_server.tlog\cl.write.1.tlog
d:\qtproject\qtqq\qtqq_server\qtqq_server\x64\debug\qtqq_server.tlog\link.command.1.tlog
d:\qtproject\qtqq\qtqq_server\qtqq_server\x64\debug\qtqq_server.tlog\link.read.1.tlog
d:\qtproject\qtqq\qtqq_server\qtqq_server\x64\debug\qtqq_server.tlog\link.write.1.tlog
d:\qtproject\qtqq\qtqq_server\qtqq_server\x64\debug\qtqq_server.tlog\moc.read.1u.tlog
d:\qtproject\qtqq\qtqq_server\qtqq_server\x64\debug\qtqq_server.tlog\moc.write.1u.tlog
d:\qtproject\qtqq\qtqq_server\qtqq_server\x64\debug\qtqq_server.tlog\qtqq_server.write.1u.tlog
d:\qtproject\qtqq\qtqq_server\qtqq_server\x64\debug\qtqq_server.tlog\rcc.read.1u.tlog
d:\qtproject\qtqq\qtqq_server\qtqq_server\x64\debug\qtqq_server.tlog\rcc.write.1u.tlog
d:\qtproject\qtqq\qtqq_server\qtqq_server\x64\debug\qtqq_server.tlog\uic.read.1u.tlog
d:\qtproject\qtqq\qtqq_server\qtqq_server\x64\debug\qtqq_server.tlog\uic.write.1u.tlog
