d:\qtproject\qtqq\qtqq\qtqq\x64\debug\emotionlabelitem.obj
d:\qtproject\qtqq\qtqq\qtqq\x64\debug\qmsgtextedit.obj
d:\qtproject\qtqq\qtqq\qtqq\x64\debug\userlogin.obj
d:\qtproject\qtqq\qtqq\qtqq\x64\debug\custommenu.obj
d:\qtproject\qtqq\qtqq\qtqq\x64\debug\receivefile.obj
d:\qtproject\qtqq\qtqq\qtqq\x64\debug\titlebar.obj
d:\qtproject\qtqq\qtqq\qtqq\x64\debug\basicwindow.obj
d:\qtproject\qtqq\qtqq\qtqq\x64\debug\systray.obj
d:\qtproject\qtqq\qtqq\qtqq\x64\debug\windowmanager.obj
d:\qtproject\qtqq\qtqq\qtqq\x64\debug\commonutils.obj
d:\qtproject\qtqq\qtqq\qtqq\x64\debug\sendfile.obj
d:\qtproject\qtqq\qtqq\qtqq\x64\debug\main.obj
d:\qtproject\qtqq\qtqq\qtqq\x64\debug\emotionwindow.obj
d:\qtproject\qtqq\qtqq\qtqq\x64\debug\skinwindow.obj
d:\qtproject\qtqq\qtqq\qtqq\x64\debug\ccmainwindow.obj
d:\qtproject\qtqq\qtqq\qtqq\x64\debug\notifymanager.obj
d:\qtproject\qtqq\qtqq\qtqq\x64\debug\qclicklable.obj
d:\qtproject\qtqq\qtqq\qtqq\x64\debug\talkwindowitem.obj
d:\qtproject\qtqq\qtqq\qtqq\x64\debug\contactitem.obj
d:\qtproject\qtqq\qtqq\qtqq\x64\debug\rootcontatitem.obj
d:\qtproject\qtqq\qtqq\qtqq\x64\debug\talkwindowshell.obj
d:\qtproject\qtqq\qtqq\qtqq\x64\debug\msgwebview.obj
d:\qtproject\qtqq\qtqq\qtqq\x64\debug\talkwindow.obj
d:\qtproject\qtqq\qtqq\qtqq\x64\debug\vc141.pdb
d:\qtproject\qtqq\qtqq\qtqq\x64\debug\moc_sendfile.obj
d:\qtproject\qtqq\qtqq\qtqq\x64\debug\moc_contactitem.obj
d:\qtproject\qtqq\qtqq\qtqq\x64\debug\moc_userlogin.obj
d:\qtproject\qtqq\qtqq\qtqq\x64\debug\qrc_ccmainwindow.obj
d:\qtproject\qtqq\qtqq\qtqq\x64\debug\moc_qmsgtextedit.obj
d:\qtproject\qtqq\qtqq\qtqq\x64\debug\moc_rootcontatitem.obj
d:\qtproject\qtqq\qtqq\qtqq\x64\debug\moc_ccmainwindow.obj
d:\qtproject\qtqq\qtqq\qtqq\x64\debug\moc_emotionwindow.obj
d:\qtproject\qtqq\qtqq\qtqq\x64\debug\moc_skinwindow.obj
d:\qtproject\qtqq\qtqq\qtqq\x64\debug\moc_basicwindow.obj
d:\qtproject\qtqq\qtqq\qtqq\x64\debug\moc_talkwindowitem.obj
d:\qtproject\qtqq\qtqq\qtqq\x64\debug\moc_systray.obj
d:\qtproject\qtqq\qtqq\qtqq\x64\debug\moc_msgwebview.obj
d:\qtproject\qtqq\qtqq\qtqq\x64\debug\moc_talkwindowshell.obj
d:\qtproject\qtqq\qtqq\qtqq\x64\debug\moc_receivefile.obj
d:\qtproject\qtqq\qtqq\qtqq\x64\debug\moc_emotionlabelitem.obj
d:\qtproject\qtqq\qtqq\qtqq\x64\debug\moc_custommenu.obj
d:\qtproject\qtqq\qtqq\qtqq\x64\debug\moc_notifymanager.obj
d:\qtproject\qtqq\qtqq\qtqq\x64\debug\moc_windowmanager.obj
d:\qtproject\qtqq\qtqq\qtqq\x64\debug\moc_qclicklable.obj
d:\qtproject\qtqq\qtqq\qtqq\x64\debug\moc_titlebar.obj
d:\qtproject\qtqq\qtqq\qtqq\x64\debug\moc_talkwindow.obj
d:\qtproject\qtqq\qtqq\x64\debug\qtqq.exe
d:\qtproject\qtqq\qtqq\x64\debug\qtqq.ilk
d:\qtproject\qtqq\qtqq\x64\debug\qtqq.pdb
d:\qtproject\qtqq\qtqq\qtqq\x64\debug\moc\moc_ccmainwindow.cpp
d:\qtproject\qtqq\qtqq\qtqq\x64\debug\moc\moc_titlebar.cpp
d:\qtproject\qtqq\qtqq\qtqq\x64\debug\moc\moc_basicwindow.cpp
d:\qtproject\qtqq\qtqq\qtqq\x64\debug\moc\moc_notifymanager.cpp
d:\qtproject\qtqq\qtqq\qtqq\x64\debug\moc\moc_receivefile.cpp
d:\qtproject\qtqq\qtqq\qtqq\x64\debug\moc\moc_sendfile.cpp
d:\qtproject\qtqq\qtqq\qtqq\x64\debug\moc\moc_msgwebview.cpp
d:\qtproject\qtqq\qtqq\qtqq\x64\debug\moc\moc_qmsgtextedit.cpp
d:\qtproject\qtqq\qtqq\qtqq\x64\debug\moc\moc_windowmanager.cpp
d:\qtproject\qtqq\qtqq\qtqq\x64\debug\moc\moc_talkwindow.cpp
d:\qtproject\qtqq\qtqq\qtqq\x64\debug\moc\moc_talkwindowitem.cpp
d:\qtproject\qtqq\qtqq\qtqq\x64\debug\moc\moc_emotionlabelitem.cpp
d:\qtproject\qtqq\qtqq\qtqq\x64\debug\moc\moc_emotionwindow.cpp
d:\qtproject\qtqq\qtqq\qtqq\x64\debug\moc\moc_talkwindowshell.cpp
d:\qtproject\qtqq\qtqq\qtqq\x64\debug\moc\moc_contactitem.cpp
d:\qtproject\qtqq\qtqq\qtqq\x64\debug\moc\moc_rootcontatitem.cpp
d:\qtproject\qtqq\qtqq\qtqq\x64\debug\moc\moc_custommenu.cpp
d:\qtproject\qtqq\qtqq\qtqq\x64\debug\moc\moc_systray.cpp
d:\qtproject\qtqq\qtqq\qtqq\x64\debug\moc\moc_qclicklable.cpp
d:\qtproject\qtqq\qtqq\qtqq\x64\debug\moc\moc_skinwindow.cpp
d:\qtproject\qtqq\qtqq\qtqq\x64\debug\moc\moc_userlogin.cpp
d:\qtproject\qtqq\qtqq\qtqq\x64\debug\uic\ui_ccmainwindow.h
d:\qtproject\qtqq\qtqq\qtqq\x64\debug\uic\ui_contactitem.h
d:\qtproject\qtqq\qtqq\qtqq\x64\debug\uic\ui_emotionwindow.h
d:\qtproject\qtqq\qtqq\qtqq\x64\debug\uic\ui_receivefile.h
d:\qtproject\qtqq\qtqq\qtqq\x64\debug\uic\ui_sendfile.h
d:\qtproject\qtqq\qtqq\qtqq\x64\debug\uic\ui_skinwindow.h
d:\qtproject\qtqq\qtqq\qtqq\x64\debug\uic\ui_talkwindow.h
d:\qtproject\qtqq\qtqq\qtqq\x64\debug\uic\ui_talkwindowitem.h
d:\qtproject\qtqq\qtqq\qtqq\x64\debug\uic\ui_talkwindowshell.h
d:\qtproject\qtqq\qtqq\qtqq\x64\debug\uic\ui_userlogin.h
d:\qtproject\qtqq\qtqq\qtqq\x64\debug\rcc\qrc_ccmainwindow.cpp
d:\qtproject\qtqq\qtqq\qtqq\x64\debug\qtqq.tlog\cl.command.1.tlog
d:\qtproject\qtqq\qtqq\qtqq\x64\debug\qtqq.tlog\cl.read.1.tlog
d:\qtproject\qtqq\qtqq\qtqq\x64\debug\qtqq.tlog\cl.write.1.tlog
d:\qtproject\qtqq\qtqq\qtqq\x64\debug\qtqq.tlog\link.command.1.tlog
d:\qtproject\qtqq\qtqq\qtqq\x64\debug\qtqq.tlog\link.delete.1.tlog
d:\qtproject\qtqq\qtqq\qtqq\x64\debug\qtqq.tlog\link.read.1.tlog
d:\qtproject\qtqq\qtqq\qtqq\x64\debug\qtqq.tlog\link.write.1.tlog
d:\qtproject\qtqq\qtqq\qtqq\x64\debug\qtqq.tlog\moc.read.1u.tlog
d:\qtproject\qtqq\qtqq\qtqq\x64\debug\qtqq.tlog\moc.write.1u.tlog
d:\qtproject\qtqq\qtqq\qtqq\x64\debug\qtqq.tlog\qtqq.write.1u.tlog
d:\qtproject\qtqq\qtqq\qtqq\x64\debug\qtqq.tlog\rcc.read.1u.tlog
d:\qtproject\qtqq\qtqq\qtqq\x64\debug\qtqq.tlog\rcc.write.1u.tlog
d:\qtproject\qtqq\qtqq\qtqq\x64\debug\qtqq.tlog\uic.read.1u.tlog
d:\qtproject\qtqq\qtqq\qtqq\x64\debug\qtqq.tlog\uic.write.1u.tlog
